<?xml version="1.0" encoding="UTF-8"?>
<!-- Generated by org.testng.reporters.JUnitXMLReporter -->
<testsuite ignored="0" hostname="DESKTOP-2GUQO5V" failures="0" tests="2" name="GridDocker_Linux-Firefox" time="17.593" errors="0" timestamp="2024-07-25T11:03:42 IST">
  <testcase classname="testCases.TC_001_AccountRegistrationTest" name="registrationTest" time="5.042"/>
  <testcase classname="testCases.TC_003_ValidLogin" name="testValidLogin" time="1.074"/>
</testsuite> <!-- GridDocker_Linux-Firefox -->
