<?xml version="1.0" encoding="UTF-8"?>
<!-- Generated by org.testng.reporters.JUnitXMLReporter -->
<testsuite ignored="0" hostname="DESKTOP-2GUQO5V" failures="0" tests="2" name="GridDocker_Linux-opera" time="111.036" errors="0" timestamp="2024-07-25T10:52:51 IST">
  <testcase classname="testCases.TC_001_AccountRegistrationTest" name="registrationTest" time="0.0">
    <skipped/>
  </testcase> <!-- registrationTest -->
  <testcase classname="testCases.TC_003_ValidLogin" name="testValidLogin" time="0.0">
    <skipped/>
  </testcase> <!-- testValidLogin -->
</testsuite> <!-- GridDocker_Linux-opera -->
