<?xml version="1.0" encoding="UTF-8"?>
<!-- Generated by org.testng.reporters.JUnitXMLReporter -->
<testsuite ignored="0" hostname="DESKTOP-2GUQO5V" failures="0" tests="2" name="GridDocker_Linux-Edge" time="109.004" errors="0" timestamp="2024-07-24T13:05:59 IST">
  <testcase classname="testCases.TC_001_AccountRegistrationTest" name="registrationTest" time="14.912"/>
  <testcase classname="testCases.TC_003_ValidLogin" name="testValidLogin" time="0.0">
    <skipped/>
  </testcase> <!-- testValidLogin -->
</testsuite> <!-- GridDocker_Linux-Edge -->
