<?xml version="1.0" encoding="UTF-8"?>
<!-- Generated by org.testng.reporters.JUnitXMLReporter -->
<testsuite ignored="0" hostname="DESKTOP-2GUQO5V" failures="0" tests="4" name="chromeTest" time="21.453" errors="0" timestamp="2024-07-21T13:43:58 IST">
  <testcase classname="testCases.TC_001_AccountRegistrationTest" name="registrationTest" time="4.693"/>
  <testcase classname="testCases.TC_002_NavigateToRegister" name="testNavigateToRegisterViaRegister" time="0.634"/>
  <testcase classname="testCases.TC_002_NavigateToRegister" name="testNavigateToRegisterViaLogin_NewCustomer" time="3.488"/>
  <testcase classname="testCases.TC_002_NavigateToRegister" name="testNavigateToRegisterViaLogin_Register" time="3.503"/>
</testsuite> <!-- chromeTest -->
