<?xml version="1.0" encoding="UTF-8"?>
<!-- Generated by org.testng.reporters.JUnitXMLReporter -->
<testsuite ignored="0" hostname="DESKTOP-2GUQO5V" failures="0" tests="4" name="firefoxTest" time="24.943" errors="0" timestamp="2024-07-21T13:44:02 IST">
  <testcase classname="testCases.TC_001_AccountRegistrationTest" name="registrationTest" time="4.798"/>
  <testcase classname="testCases.TC_002_NavigateToRegister" name="testNavigateToRegisterViaRegister" time="0.705"/>
  <testcase classname="testCases.TC_002_NavigateToRegister" name="testNavigateToRegisterViaLogin_NewCustomer" time="3.665"/>
  <testcase classname="testCases.TC_002_NavigateToRegister" name="testNavigateToRegisterViaLogin_Register" time="3.624"/>
</testsuite> <!-- firefoxTest -->
