<?xml version="1.0" encoding="UTF-8"?>
<!-- Generated by org.testng.reporters.JUnitXMLReporter -->
<testsuite ignored="0" hostname="DESKTOP-2GUQO5V" failures="0" tests="2" name="GroupingTest(failed)(failed)" time="13.27" errors="0" timestamp="2024-07-23T11:33:49 IST">
  <testcase classname="testCases.TC_001_AccountRegistrationTest" name="registrationTest" time="4.576"/>
  <testcase classname="testCases.TC_003_ValidLogin" name="testValidLogin" time="0.85"/>
</testsuite> <!-- GroupingTest(failed)(failed) -->
