<?xml version="1.0" encoding="UTF-8"?>
<testng-results ignored="0" total="1" passed="1" failed="0" skipped="0">
  <reporter-output>
  </reporter-output>
  <suite started-at="2024-07-25T13:34:01 IST" name="Suite" finished-at="2024-07-25T13:34:12 IST" duration-ms="11363">
    <groups>
      <group name="Master">
        <method signature="TC_001_AccountRegistrationTest.registrationTest()[pri:0, instance:testCases.TC_001_AccountRegistrationTest@37c7595]" name="registrationTest" class="testCases.TC_001_AccountRegistrationTest"/>
      </group> <!-- Master -->
      <group name="Regression">
        <method signature="TC_001_AccountRegistrationTest.registrationTest()[pri:0, instance:testCases.TC_001_AccountRegistrationTest@37c7595]" name="registrationTest" class="testCases.TC_001_AccountRegistrationTest"/>
      </group> <!-- Regression -->
      <group name="Smoke">
        <method signature="TC_001_AccountRegistrationTest.registrationTest()[pri:0, instance:testCases.TC_001_AccountRegistrationTest@37c7595]" name="registrationTest" class="testCases.TC_001_AccountRegistrationTest"/>
      </group> <!-- Smoke -->
    </groups>
    <test started-at="2024-07-25T13:34:01 IST" name="Test" finished-at="2024-07-25T13:34:12 IST" duration-ms="11363">
      <class name="testCases.TC_001_AccountRegistrationTest">
        <test-method is-config="true" signature="setUp(java.lang.String,java.lang.String)[pri:0, instance:testCases.TC_001_AccountRegistrationTest@37c7595]" started-at="2024-07-25T13:34:01 IST" name="setUp" finished-at="2024-07-25T13:34:06 IST" duration-ms="5488" status="PASS">
          <params>
            <param index="0">
              <value>
                <![CDATA[windows]]>
              </value>
            </param>
            <param index="1">
              <value>
                <![CDATA[firefox]]>
              </value>
            </param>
          </params>
          <reporter-output>
          </reporter-output>
        </test-method> <!-- setUp -->
        <test-method signature="registrationTest()[pri:0, instance:testCases.TC_001_AccountRegistrationTest@37c7595]" started-at="2024-07-25T13:34:06 IST" name="registrationTest" finished-at="2024-07-25T13:34:11 IST" duration-ms="5123" status="PASS">
          <reporter-output>
          </reporter-output>
        </test-method> <!-- registrationTest -->
        <test-method is-config="true" signature="tearDown()[pri:0, instance:testCases.TC_001_AccountRegistrationTest@37c7595]" started-at="2024-07-25T13:34:11 IST" name="tearDown" finished-at="2024-07-25T13:34:12 IST" duration-ms="655" status="PASS">
          <reporter-output>
          </reporter-output>
        </test-method> <!-- tearDown -->
      </class> <!-- testCases.TC_001_AccountRegistrationTest -->
    </test> <!-- Test -->
  </suite> <!-- Suite -->
</testng-results>
